{"level":"INFO","time":"2020-11-02T23:31:54.951+0800","caller":"bluebell/server.go:24","msg":"logger init success"}
{"level":"INFO","time":"2020-11-02T23:31:54.952+0800","caller":"bluebell/server.go:30","msg":"Mysql init Success"}
{"level":"INFO","time":"2020-11-02T23:31:54.980+0800","caller":"bluebell/server.go:35","msg":"redis init Success"}
{"level":"INFO","time":"2020-11-02T23:32:01.308+0800","caller":"logger/logger.go:69","msg":"/","status":200,"method":"GET","path":"/","query":"","ip":"127.0.0.1","user-agent":"Mozilla/5.0 (Macintosh; Intel Mac OS X 10_15_7) AppleWebKit/537.36 (KHTML, like Gecko) Chrome/86.0.4240.111 Safari/537.36","errors":"","cost":0.000104583}
{"level":"INFO","time":"2020-11-03T00:38:22.794+0800","caller":"bluebell/server.go:25","msg":"logger init success"}
{"level":"INFO","time":"2020-11-03T00:38:22.798+0800","caller":"bluebell/server.go:31","msg":"Mysql init Success"}
{"level":"INFO","time":"2020-11-03T00:38:22.826+0800","caller":"bluebell/server.go:36","msg":"redis init Success"}
{"level":"ERROR","time":"2020-11-03T00:38:22.826+0800","caller":"snowflake/snowflake.go:16","msg":"Generate ID error"}
{"level":"ERROR","time":"2020-11-03T00:38:22.826+0800","caller":"bluebell/server.go:41","msg":"generate id failed!"}
{"level":"INFO","time":"2020-11-03T00:39:31.466+0800","caller":"bluebell/server.go:25","msg":"logger init success"}
{"level":"INFO","time":"2020-11-03T00:39:31.467+0800","caller":"bluebell/server.go:31","msg":"Mysql init Success"}
{"level":"INFO","time":"2020-11-03T00:39:31.496+0800","caller":"bluebell/server.go:36","msg":"redis init Success"}
{"level":"ERROR","time":"2020-11-03T00:39:31.496+0800","caller":"snowflake/snowflake.go:16","msg":"Generate ID error"}
{"level":"ERROR","time":"2020-11-03T00:39:31.496+0800","caller":"bluebell/server.go:41","msg":"generate id failed!"}
{"level":"INFO","time":"2020-11-03T00:40:43.491+0800","caller":"bluebell/server.go:25","msg":"logger init success"}
{"level":"INFO","time":"2020-11-03T00:40:43.493+0800","caller":"bluebell/server.go:31","msg":"Mysql init Success"}
{"level":"INFO","time":"2020-11-03T00:40:43.521+0800","caller":"bluebell/server.go:36","msg":"redis init Success"}
{"level":"ERROR","time":"2020-11-03T00:40:43.521+0800","caller":"snowflake/snowflake.go:16","msg":"Generate ID error"}
{"level":"ERROR","time":"2020-11-03T00:40:43.521+0800","caller":"bluebell/server.go:41","msg":"generate id failed!"}
{"level":"INFO","time":"2020-11-03T00:41:11.431+0800","caller":"bluebell/server.go:25","msg":"logger init success"}
{"level":"INFO","time":"2020-11-03T00:41:11.432+0800","caller":"bluebell/server.go:31","msg":"Mysql init Success"}
{"level":"INFO","time":"2020-11-03T00:41:11.459+0800","caller":"bluebell/server.go:36","msg":"redis init Success"}
{"level":"ERROR","time":"2020-11-03T00:41:11.459+0800","caller":"snowflake/snowflake.go:16","msg":"Generate ID error"}
{"level":"ERROR","time":"2020-11-03T00:41:11.459+0800","caller":"bluebell/server.go:41","msg":"generate id failed!"}
{"level":"INFO","time":"2020-11-03T00:42:11.179+0800","caller":"bluebell/server.go:25","msg":"logger init success"}
{"level":"INFO","time":"2020-11-03T00:42:11.181+0800","caller":"bluebell/server.go:31","msg":"Mysql init Success"}
{"level":"INFO","time":"2020-11-03T00:42:11.209+0800","caller":"bluebell/server.go:36","msg":"redis init Success"}
{"level":"ERROR","time":"2020-11-03T00:42:11.209+0800","caller":"snowflake/snowflake.go:16","msg":"Generate ID error"}
{"level":"ERROR","time":"2020-11-03T00:42:11.209+0800","caller":"bluebell/server.go:41","msg":"generate id failed!"}
{"level":"INFO","time":"2020-11-03T00:43:16.962+0800","caller":"bluebell/server.go:25","msg":"logger init success"}
{"level":"INFO","time":"2020-11-03T00:43:16.963+0800","caller":"bluebell/server.go:31","msg":"Mysql init Success"}
{"level":"INFO","time":"2020-11-03T00:43:16.991+0800","caller":"bluebell/server.go:36","msg":"redis init Success"}
{"level":"ERROR","time":"2020-11-03T00:43:16.991+0800","caller":"snowflake/snowflake.go:16","msg":"Generate ID error"}
{"level":"ERROR","time":"2020-11-03T00:43:16.991+0800","caller":"bluebell/server.go:41","msg":"generate id failed!"}
{"level":"INFO","time":"2020-11-03T00:43:50.644+0800","caller":"bluebell/server.go:25","msg":"logger init success"}
{"level":"INFO","time":"2020-11-03T00:43:50.645+0800","caller":"bluebell/server.go:31","msg":"Mysql init Success"}
{"level":"INFO","time":"2020-11-03T00:43:50.648+0800","caller":"bluebell/server.go:36","msg":"redis init Success"}
{"level":"ERROR","time":"2020-11-03T00:43:50.648+0800","caller":"snowflake/snowflake.go:16","msg":"Generate ID error"}
{"level":"ERROR","time":"2020-11-03T00:43:50.648+0800","caller":"bluebell/server.go:41","msg":"generate id failed!"}
{"level":"INFO","time":"2020-11-03T00:45:17.238+0800","caller":"bluebell/server.go:25","msg":"logger init success"}
{"level":"INFO","time":"2020-11-03T00:45:17.240+0800","caller":"bluebell/server.go:31","msg":"Mysql init Success"}
{"level":"INFO","time":"2020-11-03T00:45:17.242+0800","caller":"bluebell/server.go:36","msg":"redis init Success"}
{"level":"INFO","time":"2020-11-03T00:46:35.881+0800","caller":"bluebell/server.go:25","msg":"logger init success"}
{"level":"INFO","time":"2020-11-03T00:46:35.882+0800","caller":"bluebell/server.go:31","msg":"Mysql init Success"}
{"level":"INFO","time":"2020-11-03T00:46:35.884+0800","caller":"bluebell/server.go:36","msg":"redis init Success"}
{"level":"INFO","time":"2020-11-03T00:50:44.718+0800","caller":"bluebell/server.go:25","msg":"logger init success"}
{"level":"INFO","time":"2020-11-03T00:50:44.720+0800","caller":"bluebell/server.go:31","msg":"Mysql init Success"}
{"level":"INFO","time":"2020-11-03T00:50:44.722+0800","caller":"bluebell/server.go:36","msg":"redis init Success"}
{"level":"INFO","time":"2020-11-03T00:50:55.368+0800","caller":"bluebell/server.go:25","msg":"logger init success"}
{"level":"INFO","time":"2020-11-03T00:50:55.370+0800","caller":"bluebell/server.go:31","msg":"Mysql init Success"}
{"level":"INFO","time":"2020-11-03T00:50:55.372+0800","caller":"bluebell/server.go:36","msg":"redis init Success"}
